<?xml version="1.0" encoding="UTF-8"?>
<testng-results skipped="0" failed="0" ignored="0" total="1" passed="1">
  <reporter-output>
  </reporter-output>
  <suite name="Suite" duration-ms="242" started-at="2020-03-15T12:36:58Z" finished-at="2020-03-15T12:36:58Z">
    <groups>
    </groups>
    <test name="Test" duration-ms="242" started-at="2020-03-15T12:36:58Z" finished-at="2020-03-15T12:36:58Z">
      <class name="tre1.C1">
        <test-method status="PASS" signature="m1()[pri:0, instance:tre1.C1@7d68ef40]" name="m1" duration-ms="43" started-at="2020-03-15T12:36:58Z" finished-at="2020-03-15T12:36:58Z">
          <reporter-output>
          </reporter-output>
        </test-method> <!-- m1 -->
      </class> <!-- tre1.C1 -->
    </test> <!-- Test -->
  </suite> <!-- Suite -->
</testng-results>
